<?xml version="1.0" encoding="UTF-8" ?>
<testsuite errors="0" failures="1" hostname="c-5af6e555.02-81-73746f1.cust.bredbandsbolaget.se" name="test.it.dbcSample.IncrementerTest" tests="1" time="0.077" timestamp="2013-05-23T09:02:04">
  <properties>
[...]
</properties>
  <testcase classname="test.it.dbcSample.IncrementerTest" name="listTest" time="0.0090">
    <failure message="expected:&lt;1&gt; but was:&lt;0&gt;" type="junit.framework.AssertionFailedError">junit.framework.AssertionFailedError: expected:&lt;1&gt; but was:&lt;0&gt;
	at test.it.dbcSample.IncrementerTest.listTest(IncrementerTest.java:35)
</failure>
  </testcase>
  <system-out><![CDATA[]]></system-out>
  <system-err><![CDATA[]]></system-err>
</testsuite>
